[servicios.dgac.gob.cl/pcp/faces/validacion8863.html]
[servicios.dgac.gob.cl/pcp/faces/javax.faces.resource/themeab55.css]
[servicios.dgac.gob.cl/pcp/faces/javax.faces.resource/bootstrap.css;jsessionid=fb0GzPAQlB4l3Pl3Qao8vclse9d7.css]
[servicios.dgac.gob.cl/pcp/faces/javax.faces.resource/font-awesome.css;jsessionid=fb0GzPAQlB4l3Pl3Qao8vclse9d7.css]
[servicios.dgac.gob.cl/pcp/faces/RES_NOT_FOUND.4.delayed]
[servicios.dgac.gob.cl/pcp/faces/javax.faces.resource/bootstrap.min.js;jsessionid=fb0GzPAQlB4l3Pl3Qao8vcls8490.eacvmpeap1-02]
[servicios.dgac.gob.cl/pcp/faces/resources/images/favicon.ico]
[backblue.gif]
[fade.gif]
[index.html]
[servicios.dgac.gob.cl/pcp/faces/validacion8863.html]
[servicios.dgac.gob.cl/pcp/faces/javax.faces.resource/images/ui-bg_highlight-soft_100_c4c4c4_1x100ab55.png]
[servicios.dgac.gob.cl/pcp/faces/javax.faces.resource/images/ui-bg_highlight-hard_80_c4c4c4_1x100ab55.png]
[servicios.dgac.gob.cl/pcp/faces/javax.faces.resource/images/ui-bg_highlight-hard_80_85b2cb_1x100ab55.png]
[servicios.dgac.gob.cl/pcp/faces/javax.faces.resource/images/ui-bg_inset-hard_65_85b2cb_1x100ab55.png]
[servicios.dgac.gob.cl/pcp/faces/javax.faces.resource/images/ui-bg_inset-soft_95_fef1ec_1x100ab55.png]
[servicios.dgac.gob.cl/pcp/faces/javax.faces.resource/images/ui-icons_616161_256x240ab55.png]
[servicios.dgac.gob.cl/pcp/faces/javax.faces.resource/images/ui-icons_898989_256x240ab55.png]
[servicios.dgac.gob.cl/pcp/faces/javax.faces.resource/images/ui-icons_38667f_256x240ab55.png]
[servicios.dgac.gob.cl/pcp/faces/javax.faces.resource/images/ui-icons_2e83ff_256x240ab55.png]
[servicios.dgac.gob.cl/pcp/faces/javax.faces.resource/images/ui-icons_cd0a0a_256x240ab55.png]
[servicios.dgac.gob.cl/pcp/faces/javax.faces.resource/images/ui-bg_flat_0_2d5972_40x100ab55.png]
[servicios.dgac.gob.cl/pcp/faces/javax.faces.resource/images/ui-bg_flat_0_4f4f4f_40x100ab55.png]
[servicios.dgac.gob.cl/pcp/faces/javax.faces.resource/themeab55.css]
[servicios.dgac.gob.cl/pcp/faces/resources/fonts/glyphicons-halflings-regular.eot]
[servicios.dgac.gob.cl/pcp/faces/resources/fonts/glyphicons-halflings-regulard41d.eot]
[servicios.dgac.gob.cl/pcp/faces/resources/fonts/glyphicons-halflings-regular.woff2]
[servicios.dgac.gob.cl/pcp/faces/resources/fonts/glyphicons-halflings-regular.woff]
[servicios.dgac.gob.cl/pcp/faces/resources/fonts/glyphicons-halflings-regular.ttf]
[servicios.dgac.gob.cl/pcp/faces/javax.faces.resource/bootstrap.css;jsessionid=fb0GzPAQlB4l3Pl3Qao8vclse9d7.css]
[servicios.dgac.gob.cl/pcp/faces/resources/fonts/fontawesome-webfont93e3.eot]
[servicios.dgac.gob.cl/pcp/faces/resources/fonts/fontawesome-webfontd41d.eot]
[servicios.dgac.gob.cl/pcp/faces/resources/fonts/fontawesome-webfont93e3.woff2]
[servicios.dgac.gob.cl/pcp/faces/resources/fonts/fontawesome-webfont93e3.woff]
[servicios.dgac.gob.cl/pcp/faces/resources/fonts/fontawesome-webfont93e3.ttf]
[servicios.dgac.gob.cl/pcp/faces/javax.faces.resource/font-awesome.css;jsessionid=fb0GzPAQlB4l3Pl3Qao8vclse9d7.css]
[servicios.dgac.gob.cl/pcp/faces/RES_NOT_FOUND.html]
[servicios.dgac.gob.cl/pcp/faces/resources/fonts/glyphicons-halflings-regular.svg]
[servicios.dgac.gob.cl/pcp/faces/resources/fonts/fontawesome-webfont93e3.svg]
